<?xml version="1.0" encoding="UTF-8"?>
<!-- Generated by org.testng.reporters.JUnitReportReporter -->
<testsuite hostname="DESKTOP-LHDMN2A" failures="0" tests="1" name="Automation.MyTestCases" time="7.560" errors="0" timestamp="2025-10-19T20:36:00 EET" skipped="0">
  <testcase classname="Automation.MyTestCases" name="SignUp" time="7.560"/>
</testsuite> <!-- Automation.MyTestCases -->
