<?xml version="1.0" encoding="UTF-8"?>
<!-- Generated by org.testng.reporters.JUnitReportReporter -->
<testsuite hostname="DESKTOP-LHDMN2A" failures="0" tests="1" name="Automation.MyTestCases" time="14.842" errors="0" timestamp="2025-10-19T21:25:07 EET" skipped="0">
  <testcase classname="Automation.MyTestCases" name="SignUp" time="14.842"/>
</testsuite> <!-- Automation.MyTestCases -->
